d:\document\code\fantasyrenderer\fantasyrenderer\x64\debug\vc143.pdb
d:\document\code\fantasyrenderer\fantasyrenderer\x64\debug\vc143.idb
d:\document\code\fantasyrenderer\fantasyrenderer\x64\debug\imgui_tables.obj
d:\document\code\fantasyrenderer\fantasyrenderer\x64\debug\imgui_impl_win32.obj
d:\document\code\fantasyrenderer\fantasyrenderer\x64\debug\imgui_impl_dx12.obj
d:\document\code\fantasyrenderer\fantasyrenderer\x64\debug\imgui_draw.obj
d:\document\code\fantasyrenderer\fantasyrenderer\x64\debug\imgui_demo.obj
d:\document\code\fantasyrenderer\fantasyrenderer\x64\debug\imgui.obj
d:\document\code\fantasyrenderer\fantasyrenderer\x64\debug\d3d12texture.obj
d:\document\code\fantasyrenderer\fantasyrenderer\x64\debug\d3d12swapchain.obj
d:\document\code\fantasyrenderer\fantasyrenderer\x64\debug\d3d12shadercompiler.obj
d:\document\code\fantasyrenderer\fantasyrenderer\x64\debug\d3d12shadercache.obj
d:\document\code\fantasyrenderer\fantasyrenderer\x64\debug\d3d12resourcelocation.obj
d:\document\code\fantasyrenderer\fantasyrenderer\x64\debug\d3d12resourceallocator.obj
d:\document\code\fantasyrenderer\fantasyrenderer\x64\debug\d3d12pipelinestatecache.obj
d:\document\code\fantasyrenderer\fantasyrenderer\x64\debug\d3d12pipelinestate.obj
d:\document\code\fantasyrenderer\fantasyrenderer\x64\debug\d3d12fence.obj
d:\document\code\fantasyrenderer\fantasyrenderer\x64\debug\d3d12device.obj
d:\document\code\fantasyrenderer\fantasyrenderer\x64\debug\d3d12descriptorheap.obj
d:\document\code\fantasyrenderer\fantasyrenderer\x64\debug\d3d12commandqueue.obj
d:\document\code\fantasyrenderer\fantasyrenderer\x64\debug\d3d12commandlist.obj
d:\document\code\fantasyrenderer\fantasyrenderer\x64\debug\d3d12buffer.obj
d:\document\code\fantasyrenderer\fantasyrenderer\x64\debug\window.obj
d:\document\code\fantasyrenderer\fantasyrenderer\x64\debug\render.obj
d:\document\code\fantasyrenderer\fantasyrenderer\x64\debug\imageloader.obj
d:\document\code\fantasyrenderer\fantasyrenderer\x64\debug\editor.obj
d:\document\code\fantasyrenderer\fantasyrenderer\x64\debug\camera.obj
d:\document\code\fantasyrenderer\fantasyrenderer\x64\debug\rendergraphresource.obj
d:\document\code\fantasyrenderer\fantasyrenderer\x64\debug\rendergraphpool.obj
d:\document\code\fantasyrenderer\fantasyrenderer\x64\debug\rendergraphpass.obj
d:\document\code\fantasyrenderer\fantasyrenderer\x64\debug\rendergraphbuilder.obj
d:\document\code\fantasyrenderer\fantasyrenderer\x64\debug\rendergraph.obj
d:\document\code\fantasyrenderer\fantasyrenderer\x64\debug\samplepass.obj
d:\document\code\fantasyrenderer\fantasyrenderer\x64\debug\gbufferpass.obj
d:\document\code\fantasyrenderer\fantasyrenderer\x64\debug\modelloader.obj
d:\document\code\fantasyrenderer\fantasyrenderer\x64\debug\lightmanager.obj
d:\document\code\fantasyrenderer\fantasyrenderer\x64\debug\main.obj
d:\document\code\fantasyrenderer\fantasyrenderer\x64\debug\imgui_widgets.obj
d:\document\code\fantasyrenderer\fantasyrenderer\x64\debug\renderer.obj
d:\document\code\fantasyrenderer\fantasyrenderer\x64\debug\fantasyrenderer.ilk
d:\document\code\fantasyrenderer\x64\debug\fantasyrenderer.exe
d:\document\code\fantasyrenderer\x64\debug\fantasyrenderer.pdb
d:\document\code\fantasyrenderer\x64\debug\fantasyrenderer.lib
d:\document\code\fantasyrenderer\x64\debug\fantasyrenderer.exp
d:\document\code\fantasyrenderer\fantasyrenderer\x64\debug\fantasyrenderer.tlog\cl.command.1.tlog
d:\document\code\fantasyrenderer\fantasyrenderer\x64\debug\fantasyrenderer.tlog\cl.read.1.tlog
d:\document\code\fantasyrenderer\fantasyrenderer\x64\debug\fantasyrenderer.tlog\cl.write.1.tlog
d:\document\code\fantasyrenderer\fantasyrenderer\x64\debug\fantasyrenderer.tlog\link.command.1.tlog
d:\document\code\fantasyrenderer\fantasyrenderer\x64\debug\fantasyrenderer.tlog\link.read.1.tlog
d:\document\code\fantasyrenderer\fantasyrenderer\x64\debug\fantasyrenderer.tlog\link.write.1.tlog
d:\document\code\fantasyrenderer\fantasyrenderer\x64\debug\fantasyrenderer.tlog\link.write.2u.tlog
